build/app/outputs/mapping/release/mapping.txt
# compiler: R8
# compiler_version: 1.5.64
# min_api: 21
# pg_map_id: 2f8e926
...
com.google.android.gms.internal.firebase-auth-api.zzse -> b.a.a.a.e.d.zj:
    com.google.android.gms.internal.firebase-auth-api.zzsf zza -> a
    void accept(java.lang.Object,java.lang.Object) -> a
com.google.android.gms.internal.firebase-auth-api.zzsf -> b.a.a.a.e.d.ak:
    com.google.android.gms.internal.firebase-auth-api.zzne zza -> u
    void zzc() -> a
    void zzd(com.google.android.gms.internal.firebase-auth-api.zztm,com.google.android.gms.tasks.TaskCompletionSource) -> a
    com.google.android.gms.common.api.internal.TaskApiCall zza() -> f
    java.lang.String zzb() -> g
com.google.android.gms.internal.firebase-auth-api.zzsg -> b.a.a.a.e.d.bk:
    com.google.android.gms.internal.firebase-auth-api.zzsh zza -> a
    void accept(java.lang.Object,java.lang.Object) -> a
com.google.android.gms.internal.firebase-auth-api.zzsh -> b.a.a.a.e.d.ck:
    com.google.android.gms.internal.firebase-auth-api.zzng zza -> u
    void zzc() -> a
    void zzd(com.google.android.gms.internal.firebase-auth-api.zztm,com.google.android.gms.tasks.TaskCompletionSource) -> a
    com.google.android.gms.common.api.internal.TaskApiCall zza() -> f
    java.lang.String zzb() -> g
com.google.android.gms.internal.firebase-auth-api.zzsi -> b.a.a.a.e.d.dk:
    com.google.android.gms.internal.firebase-auth-api.zzsj zza -> a
    void accept(java.lang.Object,java.lang.Object) -> a
com.google.android.gms.internal.firebase-auth-api.zzsj -> b.a.a.a.e.d.ek:
    com.google.android.gms.internal.firebase-auth-api.zzni zza -> u
    void zzc() -> a
    void zzd(com.google.android.gms.internal.firebase-auth-api.zztm,com.google.android.gms.tasks.TaskCompletionSource) -> a
    com.google.android.gms.common.api.internal.TaskApiCall zza() -> f
    java.lang.String zzb() -> g
com.google.android.gms.internal.firebase-auth-api.zzsk -> b.a.a.a.e.d.fk:
    com.google.android.gms.internal.firebase-auth-api.zzsl zza -> a
    void accept(java.lang.Object,java.lang.Object) -> a
com.google.android.gms.internal.firebase-auth-api.zzsl -> b.a.a.a.e.d.gk:
    com.google.android.gms.internal.firebase-auth-api.zznk zza -> u
    void zzc() -> a
    void zzd(com.google.android.gms.internal.firebase-auth-api.zztm,com.google.android.gms.tasks.TaskCompletionSource) -> a
    com.google.android.gms.common.api.internal.TaskApiCall zza() -> f
    java.lang.String zzb() -> g
com.google.android.gms.internal.firebase-auth-api.zzsm -> b.a.a.a.e.d.hk:
    com.google.android.gms.internal.firebase-auth-api.zzsn zza -> a
    void accept(java.lang.Object,java.lang.Object) -> a
com.google.android.gms.internal.firebase-auth-api.zzsn -> b.a.a.a.e.d.ik:
    com.google.android.gms.internal.firebase-auth-api.zznm zza -> u
    void zzc() -> a
    void zzd(com.google.android.gms.internal.firebase-auth-api.zztm,com.google.android.gms.tasks.TaskCompletionSource) -> a
    com.google.android.gms.common.api.internal.TaskApiCall zza() -> f
    java.lang.String zzb() -> g
com.google.android.gms.internal.firebase-auth-api.zzsq -> b.a.a.a.e.d.jk:
    com.google.android.gms.internal.firebase-auth-api.zzsr zza -> a
    void accept(java.lang.Object,java.lang.Object) -> a
com.google.android.gms.internal.firebase-auth-api.zzsr -> b.a.a.a.e.d.kk:
    void zzc() -> a
    com.google.android.gms.common.api.internal.TaskApiCall zza() -> f
    java.lang.String zzb() -> g
com.google.android.gms.internal.firebase-auth-api.zzss -> b.a.a.a.e.d.lk:
    com.google.android.gms.internal.firebase-auth-api.zzst zza -> a
    void accept(java.lang.Object,java.lang.Object) -> a
com.google.android.gms.internal.firebase-auth-api.zzst -> b.a.a.a.e.d.mk:
    java.lang.String zza -> u
    void zzc() -> a
    void zzd(com.google.android.gms.internal.firebase-auth-api.zztm,com.google.android.gms.tasks.TaskCompletionSource) -> a
    com.google.android.gms.common.api.internal.TaskApiCall zza() -> f
    java.lang.String zzb() -> g